<?xml version="1.0" encoding="UTF-8"?>
<!-- Generated by org.testng.reporters.JUnitReportReporter -->
<testsuite hostname="DESKTOP-5M7AM2E" failures="0" tests="2" name="org.server.URL_Check" time="14.411" errors="0" timestamp="2023-09-17T21:29:14 IST" skipped="0">
  <testcase classname="org.server.URL_Check" name="onboarding" time="9.715"/>
  <system-out/>
  <testcase classname="org.server.URL_Check" name="login" time="4.696"/>
  <system-out/>
</testsuite> <!-- org.server.URL_Check -->
